<?xml version="1.0" encoding="UTF-8"?>
<testng-results ignored="0" total="1" passed="1" failed="0" skipped="0">
  <reporter-output>
  </reporter-output>
  <suite started-at="2023-09-09T17:13:24 PDT" name="Suite" finished-at="2023-09-09T17:13:28 PDT" duration-ms="3886">
    <groups>
    </groups>
    <test started-at="2023-09-09T17:13:24 PDT" name="Test" finished-at="2023-09-09T17:13:28 PDT" duration-ms="3886">
      <class name="verifyingLMSdata.Assignment1stnov">
        <test-method signature="Currency1()[pri:0, instance:verifyingLMSdata.Assignment1stnov@3bb9a3ff]" started-at="2023-09-09T17:13:24 PDT" name="Currency1" finished-at="2023-09-09T17:13:28 PDT" duration-ms="3833" status="PASS">
          <reporter-output>
          </reporter-output>
        </test-method> <!-- Currency1 -->
      </class> <!-- verifyingLMSdata.Assignment1stnov -->
    </test> <!-- Test -->
  </suite> <!-- Suite -->
</testng-results>
